Operating system: Microsoft Windows NT 6.2.9200.0
Opening INI file "C:\Users\sebll\Downloads\Sonic-2-Nick gurr - Copy\s2 nick gurr a\SonLVL INI Files\SonLVL.ini"...
Game type is S2NA.
Loading Emerald Hill Zone Act 1...
Loading 16x16 blocks from file "../mappings/16x16/EHZ_HTZ.bin", using compression Uncompressed...
Loading 8x8 tiles from file "../art/nemesis/EHZ_HTZ.bin", using compression Nemesis...
Loading 128x128 chunks from file "../mappings/128x128/EHZ_HTZ.bin", using compression Uncompressed...
Loading palette file "../art/palettes/SonicAndTails.bin"...
Source: 0 Destination: 0 Length: 16
Loading palette file "../art/palettes/EHZ.bin"...
Source: 0 Destination: 16 Length: 48
Loading FG layout from file "../level/layout/EHZ_1.bin", using compression Uncompressed...
Loading BG layout from file "../level/layout/EHZ_BG.bin", using compression Uncompressed...
Loading FG layout from file "../level/layout/EHZ_2.bin", using compression Uncompressed...
Loading FG layout from file "../level/layout/HTZ_1.bin", using compression Uncompressed...
Loading BG layout from file "../level/layout/HTZ_BG.bin", using compression Uncompressed...
Loading FG layout from file "../level/layout/HTZ_2.bin", using compression Uncompressed...
Loading object definition file "obj.ini".
Loading object definition file "obj.ini".
Loading ObjectDefinition type S2ObjectDefinitions.Common.PathSwapper from "Common\PathSwapper.cs"...
Loading type from cached assembly "dllcache\S2ObjectDefinitions.Common.PathSwapper.dll"...
Loading objects from file "../level/objects/EHZ_1.bin", using compression Uncompressed...
Loading rings from file "../level/rings/EHZ_1.bin", using compression Uncompressed...
Loading start position "Level Start" from file "../level/Startpos array.bin"...
Drawing block bitmaps...
Drawing chunk bitmaps...
Level loaded in 0.3594457 second(s).
Load completed.
Opening INI file "C:\Users\sebll\Downloads\Sonic-2-Nick gurr - Copy\s2 nick gurr a\SonLVL INI Files\SonLVL.ini"...
Game type is S2NA.
Loading Emerald Hill Zone Act 1...
Loading 8x8 tiles from file "../art/nemesis/EHZ_HTZ.bin", using compression Nemesis...
Loading 128x128 chunks from file "../mappings/128x128/EHZ_HTZ.bin", using compression Uncompressed...
Loading 16x16 blocks from file "../mappings/16x16/EHZ_HTZ.bin", using compression Uncompressed...
Loading FG layout from file "../level/layout/EHZ_1.bin", using compression Uncompressed...
Loading BG layout from file "../level/layout/EHZ_BG.bin", using compression Uncompressed...
Loading palette file "../art/palettes/SonicAndTails.bin"...
Source: 0 Destination: 0 Length: 16
Loading palette file "../art/palettes/EHZ.bin"...
Source: 0 Destination: 16 Length: 48
Loading FG layout from file "../level/layout/EHZ_2.bin", using compression Uncompressed...
Loading FG layout from file "../level/layout/HTZ_1.bin", using compression Uncompressed...
Loading BG layout from file "../level/layout/HTZ_BG.bin", using compression Uncompressed...
Loading FG layout from file "../level/layout/HTZ_2.bin", using compression Uncompressed...
Loading object definition file "obj.ini".
Loading object definition file "obj.ini".
Loading ObjectDefinition type S2ObjectDefinitions.Common.PathSwapper from "Common\PathSwapper.cs"...
Loading type from cached assembly "dllcache\S2ObjectDefinitions.Common.PathSwapper.dll"...
System.AggregateException: One or more errors occurred. ---> System.InvalidOperationException: There is an error in XML document (0, 0). ---> System.IO.FileNotFoundException: Could not find file 'C:\Users\sebll\Downloads\Sonic-2-Nick gurr - Copy\s2 nick gurr a\SonLVL INI Files\Common\Spring.xml'.
   at System.IO.__Error.WinIOError(Int32 errorCode, String maybeFullPath)
   at System.IO.FileStream.Init(String path, FileMode mode, FileAccess access, Int32 rights, Boolean useRights, FileShare share, Int32 bufferSize, FileOptions options, SECURITY_ATTRIBUTES secAttrs, String msgPath, Boolean bFromProxy, Boolean useLongPath, Boolean checkHost)
   at System.IO.FileStream..ctor(String path, FileMode mode, FileAccess access, FileShare share, Int32 bufferSize)
   at System.Xml.XmlDownloadManager.GetStream(Uri uri, ICredentials credentials, IWebProxy proxy, RequestCachePolicy cachePolicy)
   at System.Xml.XmlUrlResolver.GetEntity(Uri absoluteUri, String role, Type ofObjectToReturn)
   at System.Xml.XmlTextReaderImpl.OpenUrlDelegate(Object xmlResolver)
   at System.Threading.CompressedStack.runTryCode(Object userData)
   at System.Runtime.CompilerServices.RuntimeHelpers.ExecuteCodeWithGuaranteedCleanup(TryCode code, CleanupCode backoutCode, Object userData)
   at System.Threading.CompressedStack.Run(CompressedStack compressedStack, ContextCallback callback, Object state)
   at System.Xml.XmlTextReaderImpl.OpenUrl()
   at System.Xml.XmlTextReaderImpl.Read()
   at System.Xml.XmlTextReader.Read()
   at System.Xml.XmlReader.MoveToContent()
   at Microsoft.Xml.Serialization.GeneratedAssembly.XmlSerializationReaderObjDef.Read33_ObjDef()
   --- End of inner exception stack trace ---
   at System.Xml.Serialization.XmlSerializer.Deserialize(XmlReader xmlReader, String encodingStyle, XmlDeserializationEvents events)
   at SonicRetro.SonLVL.API.XMLDef.ObjDef.Load(String filename) in E:\Programs\SonLVL\SonLVLAPI\XMLDef.cs:line 51
   at SonicRetro.SonLVL.API.XMLObjectDefinition.Init(ObjectData data) in E:\Programs\SonLVL\SonLVLAPI\ObjectDefinition.cs:line 692
   at SonicRetro.SonLVL.API.LevelData.<>c__DisplayClass102_0.<InitObjectDefinitions>b__0(KeyValuePair`2 group) in E:\Programs\SonLVL\SonLVLAPI\LevelData.cs:line 1578
   at System.Threading.Tasks.Parallel.<>c__DisplayClass42_0`2.<PartitionerForEachWorker>b__1()
   at System.Threading.Tasks.Task.InnerInvoke()
   at System.Threading.Tasks.Task.InnerInvokeWithArg(Task childTask)
   at System.Threading.Tasks.Task.<>c__DisplayClass176_0.<ExecuteSelfReplicating>b__0(Object <p0>)
   --- End of inner exception stack trace ---
   at System.Threading.Tasks.Task.ThrowIfExceptional(Boolean includeTaskCanceledExceptions)
   at System.Threading.Tasks.Task.Wait(Int32 millisecondsTimeout, CancellationToken cancellationToken)
   at System.Threading.Tasks.Task.Wait()
   at System.Threading.Tasks.Parallel.PartitionerForEachWorker[TSource,TLocal](Partitioner`1 source, ParallelOptions parallelOptions, Action`1 simpleBody, Action`2 bodyWithState, Action`3 bodyWithStateAndIndex, Func`4 bodyWithStateAndLocal, Func`5 bodyWithEverything, Func`1 localInit, Action`1 localFinally)
   at System.Threading.Tasks.Parallel.ForEachWorker[TSource,TLocal](IEnumerable`1 source, ParallelOptions parallelOptions, Action`1 body, Action`2 bodyWithState, Action`3 bodyWithStateAndIndex, Func`4 bodyWithStateAndLocal, Func`5 bodyWithEverything, Func`1 localInit, Action`1 localFinally)
   at System.Threading.Tasks.Parallel.ForEach[TSource](IEnumerable`1 source, Action`1 body)
   at SonicRetro.SonLVL.API.LevelData.InitObjectDefinitions() in E:\Programs\SonLVL\SonLVLAPI\LevelData.cs:line 1505
   at SonicRetro.SonLVL.API.LevelData.LoadLevel(String levelname, Boolean loadGraphics) in E:\Programs\SonLVL\SonLVLAPI\LevelData.cs:line 319
   at SonicRetro.SonLVL.GUI.MainForm.backgroundLevelLoader_DoWork(Object sender, DoWorkEventArgs e) in E:\Programs\SonLVL\SonLVL\MainForm.cs:line 574
---> (Inner Exception #0) System.InvalidOperationException: There is an error in XML document (0, 0). ---> System.IO.FileNotFoundException: Could not find file 'C:\Users\sebll\Downloads\Sonic-2-Nick gurr - Copy\s2 nick gurr a\SonLVL INI Files\Common\Spring.xml'.
   at System.IO.__Error.WinIOError(Int32 errorCode, String maybeFullPath)
   at System.IO.FileStream.Init(String path, FileMode mode, FileAccess access, Int32 rights, Boolean useRights, FileShare share, Int32 bufferSize, FileOptions options, SECURITY_ATTRIBUTES secAttrs, String msgPath, Boolean bFromProxy, Boolean useLongPath, Boolean checkHost)
   at System.IO.FileStream..ctor(String path, FileMode mode, FileAccess access, FileShare share, Int32 bufferSize)
   at System.Xml.XmlDownloadManager.GetStream(Uri uri, ICredentials credentials, IWebProxy proxy, RequestCachePolicy cachePolicy)
   at System.Xml.XmlUrlResolver.GetEntity(Uri absoluteUri, String role, Type ofObjectToReturn)
   at System.Xml.XmlTextReaderImpl.OpenUrlDelegate(Object xmlResolver)
   at System.Threading.CompressedStack.runTryCode(Object userData)
   at System.Runtime.CompilerServices.RuntimeHelpers.ExecuteCodeWithGuaranteedCleanup(TryCode code, CleanupCode backoutCode, Object userData)
   at System.Threading.CompressedStack.Run(CompressedStack compressedStack, ContextCallback callback, Object state)
   at System.Xml.XmlTextReaderImpl.OpenUrl()
   at System.Xml.XmlTextReaderImpl.Read()
   at System.Xml.XmlTextReader.Read()
   at System.Xml.XmlReader.MoveToContent()
   at Microsoft.Xml.Serialization.GeneratedAssembly.XmlSerializationReaderObjDef.Read33_ObjDef()
   --- End of inner exception stack trace ---
   at System.Xml.Serialization.XmlSerializer.Deserialize(XmlReader xmlReader, String encodingStyle, XmlDeserializationEvents events)
   at SonicRetro.SonLVL.API.XMLDef.ObjDef.Load(String filename) in E:\Programs\SonLVL\SonLVLAPI\XMLDef.cs:line 51
   at SonicRetro.SonLVL.API.XMLObjectDefinition.Init(ObjectData data) in E:\Programs\SonLVL\SonLVLAPI\ObjectDefinition.cs:line 692
   at SonicRetro.SonLVL.API.LevelData.<>c__DisplayClass102_0.<InitObjectDefinitions>b__0(KeyValuePair`2 group) in E:\Programs\SonLVL\SonLVLAPI\LevelData.cs:line 1578
   at System.Threading.Tasks.Parallel.<>c__DisplayClass42_0`2.<PartitionerForEachWorker>b__1()
   at System.Threading.Tasks.Task.InnerInvoke()
   at System.Threading.Tasks.Task.InnerInvokeWithArg(Task childTask)
   at System.Threading.Tasks.Task.<>c__DisplayClass176_0.<ExecuteSelfReplicating>b__0(Object <p0>)<---

Opening INI file "C:\Users\sebll\Downloads\Sonic-2-Nick gurr - Copy\s2 nick gurr a\SonLVL INI Files\SonLVL.ini"...
Game type is S2NA.
Loading Emerald Hill Zone Act 1...
Loading 8x8 tiles from file "../art/nemesis/EHZ_HTZ.bin", using compression Nemesis...
Loading FG layout from file "../level/layout/EHZ_1.bin", using compression Uncompressed...
Loading BG layout from file "../level/layout/EHZ_BG.bin", using compression Uncompressed...
Loading 16x16 blocks from file "../mappings/16x16/EHZ_HTZ.bin", using compression Uncompressed...
Loading 128x128 chunks from file "../mappings/128x128/EHZ_HTZ.bin", using compression Uncompressed...
Loading FG layout from file "../level/layout/EHZ_2.bin", using compression Uncompressed...
Loading palette file "../art/palettes/SonicAndTails.bin"...
Source: 0 Destination: 0 Length: 16
Loading palette file "../art/palettes/EHZ.bin"...
Source: 0 Destination: 16 Length: 48
Loading FG layout from file "../level/layout/HTZ_1.bin", using compression Uncompressed...
Loading BG layout from file "../level/layout/HTZ_BG.bin", using compression Uncompressed...
Loading FG layout from file "../level/layout/HTZ_2.bin", using compression Uncompressed...
Loading object definition file "obj.ini".
Loading object definition file "obj.ini".
Loading ObjectDefinition type S2ObjectDefinitions.Common.PathSwapper from "Common\PathSwapper.cs"...
Loading type from cached assembly "dllcache\S2ObjectDefinitions.Common.PathSwapper.dll"...
Unable to read file "../artnem/springh.bin" with compression Nemesis:
System.AggregateException: One or more errors occurred. ---> System.IO.DirectoryNotFoundException: Could not find a part of the path 'C:\Users\sebll\Downloads\Sonic-2-Nick gurr - Copy\s2 nick gurr a\artnem\springh.bin'.
   at System.IO.__Error.WinIOError(Int32 errorCode, String maybeFullPath)
   at System.IO.FileStream.Init(String path, FileMode mode, FileAccess access, Int32 rights, Boolean useRights, FileShare share, Int32 bufferSize, FileOptions options, SECURITY_ATTRIBUTES secAttrs, String msgPath, Boolean bFromProxy, Boolean useLongPath, Boolean checkHost)
   at System.IO.FileStream..ctor(String path, FileMode mode, FileAccess access, FileShare share)
   at SonicRetro.KensSharp.Nemesis.Decompress(String sourceFilePath)
   at SonicRetro.SonLVL.API.Compression.Decompress(String file, CompressionType cmp) in E:\Programs\SonLVL\SonLVLAPI\Compression.cs:line 51
   at SonicRetro.SonLVL.API.LevelData.ReadFile(String file, CompressionType cmp) in E:\Programs\SonLVL\SonLVLAPI\LevelData.cs:line 1638
   at SonicRetro.SonLVL.API.XMLObjectDefinition.Init(ObjectData data) in E:\Programs\SonLVL\SonLVLAPI\ObjectDefinition.cs:line 705
   at SonicRetro.SonLVL.API.LevelData.<>c__DisplayClass102_0.<InitObjectDefinitions>b__0(KeyValuePair`2 group) in E:\Programs\SonLVL\SonLVLAPI\LevelData.cs:line 1578
   at System.Threading.Tasks.Parallel.<>c__DisplayClass42_0`2.<PartitionerForEachWorker>b__1()
   at System.Threading.Tasks.Task.InnerInvoke()
   at System.Threading.Tasks.Task.InnerInvokeWithArg(Task childTask)
   at System.Threading.Tasks.Task.<>c__DisplayClass176_0.<ExecuteSelfReplicating>b__0(Object <p0>)
   --- End of inner exception stack trace ---
   at System.Threading.Tasks.Task.ThrowIfExceptional(Boolean includeTaskCanceledExceptions)
   at System.Threading.Tasks.Task.Wait(Int32 millisecondsTimeout, CancellationToken cancellationToken)
   at System.Threading.Tasks.Task.Wait()
   at System.Threading.Tasks.Parallel.PartitionerForEachWorker[TSource,TLocal](Partitioner`1 source, ParallelOptions parallelOptions, Action`1 simpleBody, Action`2 bodyWithState, Action`3 bodyWithStateAndIndex, Func`4 bodyWithStateAndLocal, Func`5 bodyWithEverything, Func`1 localInit, Action`1 localFinally)
   at System.Threading.Tasks.Parallel.ForEachWorker[TSource,TLocal](IEnumerable`1 source, ParallelOptions parallelOptions, Action`1 body, Action`2 bodyWithState, Action`3 bodyWithStateAndIndex, Func`4 bodyWithStateAndLocal, Func`5 bodyWithEverything, Func`1 localInit, Action`1 localFinally)
   at System.Threading.Tasks.Parallel.ForEach[TSource](IEnumerable`1 source, Action`1 body)
   at SonicRetro.SonLVL.API.LevelData.InitObjectDefinitions() in E:\Programs\SonLVL\SonLVLAPI\LevelData.cs:line 1505
   at SonicRetro.SonLVL.API.LevelData.LoadLevel(String levelname, Boolean loadGraphics) in E:\Programs\SonLVL\SonLVLAPI\LevelData.cs:line 319
   at SonicRetro.SonLVL.GUI.MainForm.backgroundLevelLoader_DoWork(Object sender, DoWorkEventArgs e) in E:\Programs\SonLVL\SonLVL\MainForm.cs:line 574
---> (Inner Exception #0) System.IO.DirectoryNotFoundException: Could not find a part of the path 'C:\Users\sebll\Downloads\Sonic-2-Nick gurr - Copy\s2 nick gurr a\artnem\springh.bin'.
   at System.IO.__Error.WinIOError(Int32 errorCode, String maybeFullPath)
   at System.IO.FileStream.Init(String path, FileMode mode, FileAccess access, Int32 rights, Boolean useRights, FileShare share, Int32 bufferSize, FileOptions options, SECURITY_ATTRIBUTES secAttrs, String msgPath, Boolean bFromProxy, Boolean useLongPath, Boolean checkHost)
   at System.IO.FileStream..ctor(String path, FileMode mode, FileAccess access, FileShare share)
   at SonicRetro.KensSharp.Nemesis.Decompress(String sourceFilePath)
   at SonicRetro.SonLVL.API.Compression.Decompress(String file, CompressionType cmp) in E:\Programs\SonLVL\SonLVLAPI\Compression.cs:line 51
   at SonicRetro.SonLVL.API.LevelData.ReadFile(String file, CompressionType cmp) in E:\Programs\SonLVL\SonLVLAPI\LevelData.cs:line 1638
   at SonicRetro.SonLVL.API.XMLObjectDefinition.Init(ObjectData data) in E:\Programs\SonLVL\SonLVLAPI\ObjectDefinition.cs:line 705
   at SonicRetro.SonLVL.API.LevelData.<>c__DisplayClass102_0.<InitObjectDefinitions>b__0(KeyValuePair`2 group) in E:\Programs\SonLVL\SonLVLAPI\LevelData.cs:line 1578
   at System.Threading.Tasks.Parallel.<>c__DisplayClass42_0`2.<PartitionerForEachWorker>b__1()
   at System.Threading.Tasks.Task.InnerInvoke()
   at System.Threading.Tasks.Task.InnerInvokeWithArg(Task childTask)
   at System.Threading.Tasks.Task.<>c__DisplayClass176_0.<ExecuteSelfReplicating>b__0(Object <p0>)<---

